{"logTime": "1101/094602", "correlationVector":"sb0MG1TieSG6booXaW9+ql.1","action":"SyncServerConnectionManagerRequest", "result":"SYNC_SERVER_OK", "context":{"environment":"Prod_germanywestcentral_prod-s01-010-eur-germanywestcentral", "migrationStage":"NotStarted", "server":"akswtt10500000i"}}
{"logTime": "1101/094606", "correlationVector":"sb0MG1TieSG6booXaW9+ql.2","action":"AAD.Mip.Unpack", "result":"Success", "context":MIP_CLOUD_COMMERCIAL:Success}
{"logTime": "1101/094606", "correlationVector":"sb0MG1TieSG6booXaW9+ql.3","action":"EncryptionKeysManager::SetEncryptionKeys:", "result":"Success", "context":Key names[5]:[AId2GxB1lPC9Anr+D3E95eYDmNk0ntQd1zD1yPEOMeQP+Xwys23COw23KV9TggFKqkgsIcp1G4ha3/uv6BuAkQ==][eLsvYPGNkJwKInHkkQaeLrl8l18fTfzLzUp+7oWs9oUcMCHOeB2WJBaeC5oUg9AmsfAiT8hrVeCCyShkEuXuCg==][ub61sHel3J47j/ppwhHQZnpVlE9VCFWa9hn0nheA2S1ht5MPABO5ZWPdmMkrLyi6m9CrYl3pPKVfNOlaz87mCA==][ZZ0zbYqjIHGdGRPj0apUJi0ZdgSY3JPQBnrAQobWE6QRJSmWQh5TGuaJyLHv0BEMI/2kv7eTvuk1+O1/yJx3fA==][xUGwPi/G3yzPEFfpB0qrvDQefDaXR7okx3/ShA4Ihq0CKlYf5S0dT807y+wJwaZzpsiWtRmVD2W+jABME5BU+g==]}
{"logTime": "1101/094606", "correlationVector":"sb0MG1TieSG6booXaW9+ql.4","action":"AAD.GetKeyResponse", "result":"Success", "context":Keys=5.LastKeyStatus=Active. 2025-09-19 01:03:29 +05.State=None. Tags: Current_encryption_keys_tag = dRXvv71sV++/ve+/ve+/vRfvv73VkE3vv73vv71d77+9DNmV77+9eyBX77+977+9ESPvv71A77+9, Updated_current_encryption_keys_tag = Empty. Emails: ["sp22-bcs-086@isbstudent.comsats.edu.pk"]}
{"logTime": "1101/094606", "correlationVector":"sb0MG1TieSG6booXaW9+ql.5","action":"ProcessGetUpdates", "result":"Done", "context":{"dataType":"Encryption Keys", "deleted":"0", "process_failed_to_decrypt":"0", "process_pending_decryption":"0", "process_success":"1", "total":"1"}}
{"logTime": "1101/094606", "correlationVector":"sb0MG1TieSG6booXaW9+ql","action":"Initial GetUpdates", "result":"", "context":Reason: NEW_CLIENT. cV=sb0MG1TieSG6booXaW9+ql}
{"logTime": "1101/094606", "correlationVector":"sb0MG1TieSG6booXaW9+ql.6","action":"GetUpdates Response", "result":"Success", "context":Received 1 update(s). cV=sb0MG1TieSG6booXaW9+ql.0;server=akswtt10500000i;cloudType=Multitenant;environment=Prod_germanywestcentral_prod-s01-010-eur-germanywestcentral;migrationStage=NotStarted}
{"logTime": "1101/094606", "correlationVector":"e7ZKJGOvCMDoDIQOOaFY+O","action":"Initial GetUpdates", "result":"", "context":Reason: NEW_CLIENT. cV=e7ZKJGOvCMDoDIQOOaFY+O}
{"logTime": "1101/094607", "correlationVector":"e7ZKJGOvCMDoDIQOOaFY+O.1","action":"SyncServerConnectionManagerRequest", "result":"SYNC_SERVER_OK", "context":{"environment":"Prod_germanywestcentral_prod-s01-010-eur-germanywestcentral", "migrationStage":"NotStarted", "server":"akswtt105000010"}}
{"logTime": "1101/094607", "correlationVector":"e7ZKJGOvCMDoDIQOOaFY+O.2","action":"ProcessGetUpdates", "result":"Done", "context":{"dataType":"Preferences", "deleted":"0", "process_failed_to_decrypt":"0", "process_pending_decryption":"0", "process_success":"51", "total":"51"}}
{"logTime": "1101/094607", "correlationVector":"e7ZKJGOvCMDoDIQOOaFY+O.3","action":"ProcessGetUpdates", "result":"Done", "context":{"dataType":"Passwords", "deleted":"0", "process_failed_to_decrypt":"0", "process_pending_decryption":"0", "process_success":"3", "total":"3"}}
{"logTime": "1101/094607", "correlationVector":"e7ZKJGOvCMDoDIQOOaFY+O.4","action":"ProcessGetUpdates", "result":"Done", "context":{"dataType":"Device Info", "deleted":"0", "process_failed_to_decrypt":"0", "process_pending_decryption":"0", "process_success":"6", "total":"6"}}
{"logTime": "1101/094607", "correlationVector":"e7ZKJGOvCMDoDIQOOaFY+O.5","action":"GetUpdates Response", "result":"Success", "context":Received 60 update(s). cV=e7ZKJGOvCMDoDIQOOaFY+O.0;server=akswtt105000010;cloudType=Multitenant;environment=Prod_germanywestcentral_prod-s01-010-eur-germanywestcentral;migrationStage=NotStarted}
{"logTime": "1101/094607", "correlationVector":"IUSAMHMBgjNLWOnWJH04UO","action":"Initial GetUpdates", "result":"", "context":Reason: NEW_CLIENT. cV=IUSAMHMBgjNLWOnWJH04UO}
{"logTime": "1101/094607", "correlationVector":"IUSAMHMBgjNLWOnWJH04UO.1","action":"SyncServerConnectionManagerRequest", "result":"SYNC_SERVER_OK", "context":{"environment":"Prod_germanywestcentral_prod-s01-010-eur-germanywestcentral", "migrationStage":"NotStarted", "server":"akswtt105000019"}}
{"logTime": "1101/094607", "correlationVector":"IUSAMHMBgjNLWOnWJH04UO.2","action":"ProcessGetUpdates", "result":"Done", "context":{"dataType":"Bookmarks", "deleted":"0", "process_failed_to_decrypt":"0", "process_pending_decryption":"0", "process_success":"6", "total":"6"}}
{"logTime": "1101/094607", "correlationVector":"IUSAMHMBgjNLWOnWJH04UO.3","action":"GetUpdates Response", "result":"Success", "context":Received 6 update(s). cV=IUSAMHMBgjNLWOnWJH04UO.0;server=akswtt105000019;cloudType=Multitenant;environment=Prod_germanywestcentral_prod-s01-010-eur-germanywestcentral;migrationStage=NotStarted}
{"logTime": "1101/094607", "correlationVector":"8CSoALTziDSxpF1d1SQtoz","action":"Initial GetUpdates", "result":"", "context":Reason: NEW_CLIENT. cV=8CSoALTziDSxpF1d1SQtoz}
{"logTime": "1101/094607", "correlationVector":"8CSoALTziDSxpF1d1SQtoz.1","action":"SyncServerConnectionManagerRequest", "result":"SYNC_SERVER_OK", "context":{"environment":"Prod_germanywestcentral_prod-s01-010-eur-germanywestcentral", "migrationStage":"NotStarted", "server":"akswtt105000019"}}
{"logTime": "1101/094607", "correlationVector":"8CSoALTziDSxpF1d1SQtoz.2","action":"ProcessGetUpdates", "result":"Done", "context":{"dataType":"Autofill", "deleted":"0", "process_failed_to_decrypt":"0", "process_pending_decryption":"0", "process_success":"2", "total":"2"}}
{"logTime": "1101/094607", "correlationVector":"8CSoALTziDSxpF1d1SQtoz.3","action":"ProcessGetUpdates", "result":"Done", "context":{"dataType":"Sessions", "deleted":"0", "process_failed_to_decrypt":"0", "process_pending_decryption":"0", "process_success":"1", "total":"1"}}
{"logTime": "1101/094607", "correlationVector":"8CSoALTziDSxpF1d1SQtoz.4","action":"ProcessGetUpdates", "result":"Done", "context":{"dataType":"Edge Hub App Usage", "deleted":"0", "process_failed_to_decrypt":"0", "process_pending_decryption":"0", "process_success":"3", "total":"3"}}
{"logTime": "1101/094607", "correlationVector":"8CSoALTziDSxpF1d1SQtoz.5","action":"GetUpdates Response", "result":"Success", "context":Received 6 update(s). cV=8CSoALTziDSxpF1d1SQtoz.0;server=akswtt105000019;cloudType=Multitenant;environment=Prod_germanywestcentral_prod-s01-010-eur-germanywestcentral;migrationStage=NotStarted}
{"logTime": "1101/094607", "correlationVector":"esk6YBAUJgjPyW9HlYe5OJ","action":"Initial GetUpdates", "result":"", "context":Reason: NEW_CLIENT. cV=esk6YBAUJgjPyW9HlYe5OJ}
{"logTime": "1101/094608", "correlationVector":"esk6YBAUJgjPyW9HlYe5OJ.1","action":"SyncServerConnectionManagerRequest", "result":"SYNC_SERVER_OK", "context":{"environment":"Prod_germanywestcentral_prod-s01-010-eur-germanywestcentral", "migrationStage":"NotStarted", "server":"akswtt10500000w"}}
{"logTime": "1101/094608", "correlationVector":"esk6YBAUJgjPyW9HlYe5OJ.2","action":"ProcessGetUpdates", "result":"Done", "context":{"dataType":"History", "deleted":"0", "process_failed_to_decrypt":"0", "process_pending_decryption":"0", "process_success":"14", "total":"14"}}
{"logTime": "1101/094608", "correlationVector":"esk6YBAUJgjPyW9HlYe5OJ.3","action":"GetUpdates Response", "result":"Success", "context":Received 14 update(s). cV=esk6YBAUJgjPyW9HlYe5OJ.0;server=akswtt10500000w;cloudType=Multitenant;environment=Prod_germanywestcentral_prod-s01-010-eur-germanywestcentral;migrationStage=NotStarted}
{"logTime": "1101/094608", "correlationVector":"eeTQFdpzS+ZsvAp8iV8tpF","action":"Normal GetUpdate request", "result":"", "context":cV=eeTQFdpzS+ZsvAp8iV8tpF
Nudged types: Sessions, Device Info, User Consents
Refresh requested types: Bookmarks, Preferences, Passwords, Autofill Profiles, Autofill, Extensions, Sessions, Extension settings, History Delete Directives, Device Info, User Consents, Send Tab To Self, Web Apps, History, Saved Tab Group, WebAuthn Credentials, Collection, Edge E Drop, Edge Hub App Usage, Edge Wallet, Encryption Keys}
{"logTime": "1101/094608", "correlationVector":"eeTQFdpzS+ZsvAp8iV8tpF.1","action":"SyncServerConnectionManagerRequest", "result":"SYNC_SERVER_OK", "context":{"environment":"Prod_germanywestcentral_prod-s01-010-eur-germanywestcentral", "migrationStage":"NotStarted", "server":"akswtt10500000t"}}
{"logTime": "1101/094608", "correlationVector":"eeTQFdpzS+ZsvAp8iV8tpF.2","action":"GetUpdates Response", "result":"Success", "context":Received 0 update(s). cV=eeTQFdpzS+ZsvAp8iV8tpF.0;server=akswtt10500000t;cloudType=Multitenant;environment=Prod_germanywestcentral_prod-s01-010-eur-germanywestcentral;migrationStage=NotStarted}
{"logTime": "1101/094608", "correlationVector":"olAjGd/RBIzeF1rdmyCC2D","action":"DoCompareDataConsistency requsted types: ", "result":"Bookmarks, Preferences, Passwords, Extensions, Extension settings, History Delete Directives, Send Tab To Self, Web Apps, History, Saved Tab Group, WebAuthn Credentials, Collection, Edge E Drop, Edge Wallet, Encryption Keys"}
{"logTime": "1101/094608", "correlationVector":"olAjGd/RBIzeF1rdmyCC2D.0","action":"CompareDataConsistency result: ", "result":"Compare result: Encryption Keys is consistent. local entities count is: 1 local entities hash is: yDNJDPgScvlNEDuodhyuba+hTWE="}
{"logTime": "1101/094608", "correlationVector":"olAjGd/RBIzeF1rdmyCC2D.1","action":"CompareDataConsistency result: ", "result":"Compare result: Bookmarks is consistent. local entities count is: 0 local entities hash is: "}
{"logTime": "1101/094608", "correlationVector":"olAjGd/RBIzeF1rdmyCC2D.2","action":"CompareDataConsistency result: ", "result":"Compare result: Preferences is consistent. local entities count is: 51 local entities hash is: zsmaqe40oEYrMURLF45Snxe5vWk="}
{"logTime": "1101/094608", "correlationVector":"olAjGd/RBIzeF1rdmyCC2D.3","action":"CompareDataConsistency result: ", "result":"Compare result: Passwords is consistent. local entities count is: 3 local entities hash is: 5I77cXa3YbpF+8ZaXN/T619hnO8="}
{"logTime": "1101/094608", "correlationVector":"olAjGd/RBIzeF1rdmyCC2D.4","action":"CompareDataConsistency result: ", "result":"Compare result: Extensions is consistent. local entities count is: 0 local entities hash is: "}
{"logTime": "1101/094608", "correlationVector":"olAjGd/RBIzeF1rdmyCC2D.5","action":"CompareDataConsistency result: ", "result":"Compare result: Extension settings is consistent. local entities count is: 0 local entities hash is: "}
{"logTime": "1101/094608", "correlationVector":"olAjGd/RBIzeF1rdmyCC2D.6","action":"CompareDataConsistency result: ", "result":"Compare result: History Delete Directives is consistent. local entities count is: 0 local entities hash is: "}
{"logTime": "1101/094608", "correlationVector":"olAjGd/RBIzeF1rdmyCC2D.7","action":"CompareDataConsistency result: ", "result":"Server did not send this Send Tab To Self local entities count is: 0 local entities hash is: "}
{"logTime": "1101/094608", "correlationVector":"olAjGd/RBIzeF1rdmyCC2D.8","action":"CompareDataConsistency result: ", "result":"Compare result: Web Apps is consistent. local entities count is: 0 local entities hash is: "}
{"logTime": "1101/094608", "correlationVector":"olAjGd/RBIzeF1rdmyCC2D.9","action":"CompareDataConsistency result: ", "result":"Server did not send this History local entities count is: 0 local entities hash is: "}
{"logTime": "1101/094608", "correlationVector":"olAjGd/RBIzeF1rdmyCC2D.10","action":"CompareDataConsistency result: ", "result":"Compare result: Saved Tab Group is consistent. local entities count is: 0 local entities hash is: "}
{"logTime": "1101/094608", "correlationVector":"olAjGd/RBIzeF1rdmyCC2D.11","action":"CompareDataConsistency result: ", "result":"Server did not send this WebAuthn Credentials local entities count is: 0 local entities hash is: "}
{"logTime": "1101/094608", "correlationVector":"olAjGd/RBIzeF1rdmyCC2D.12","action":"CompareDataConsistency result: ", "result":"Compare result: Collection is consistent. local entities count is: 0 local entities hash is: "}
{"logTime": "1101/094608", "correlationVector":"olAjGd/RBIzeF1rdmyCC2D.13","action":"CompareDataConsistency result: ", "result":"Compare result: Edge E Drop is consistent. local entities count is: 0 local entities hash is: "}
{"logTime": "1101/094608", "correlationVector":"olAjGd/RBIzeF1rdmyCC2D.14","action":"CompareDataConsistency result: ", "result":"Compare result: Edge Wallet is consistent. local entities count is: 0 local entities hash is: "}
{"logTime": "1101/094608", "correlationVector":"XpV1g/tCTr4Leq/2XPSc/2","action":"Commit Request", "result":"", "context":Item count: 5
Contributing types: Sessions, Device Info, User Consents}
{"logTime": "1101/094608", "correlationVector":"XpV1g/tCTr4Leq/2XPSc/2.1","action":"SyncServerConnectionManagerRequest", "result":"SYNC_SERVER_OK", "context":{"environment":"Prod_germanywestcentral_prod-s01-010-eur-germanywestcentral", "migrationStage":"NotStarted", "server":"akswtt10500000i"}}
{"logTime": "1101/094608", "correlationVector":"XpV1g/tCTr4Leq/2XPSc/2.2","action":"Commit Response", "result":"Success", "context":Result: Success. cV=XpV1g/tCTr4Leq/2XPSc/2.0;server=akswtt10500000i;cloudType=Multitenant;environment=Prod_germanywestcentral_prod-s01-010-eur-germanywestcentral;migrationStage=NotStarted}
{"logTime": "1101/094609", "correlationVector":"","action":"DIAGNOSTIC_REQUEST|v1/diagnosticData/Diagnostic.SendCheckResult()|SUCCESS", "result":""}
{"logTime": "1101/094609", "correlationVector":"dpW+8OfE9F5P/ows8PVqm/","action":"Commit Request", "result":"", "context":Item count: 2
Contributing types: Preferences, Passwords}
{"logTime": "1101/094609", "correlationVector":"dpW+8OfE9F5P/ows8PVqm/.1","action":"SyncServerConnectionManagerRequest", "result":"SYNC_SERVER_OK", "context":{"environment":"Prod_germanywestcentral_prod-s01-010-eur-germanywestcentral", "migrationStage":"NotStarted", "server":"akswtt10500000i"}}
{"logTime": "1101/094609", "correlationVector":"dpW+8OfE9F5P/ows8PVqm/.2","action":"Commit Response", "result":"Success", "context":Result: Success. cV=dpW+8OfE9F5P/ows8PVqm/.0;server=akswtt10500000i;cloudType=Multitenant;environment=Prod_germanywestcentral_prod-s01-010-eur-germanywestcentral;migrationStage=NotStarted}
{"logTime": "1101/094627", "correlationVector":"6W8yM2wpWq9Hn7bnYMjw7L","action":"Commit Request", "result":"", "context":Item count: 1
Contributing types: Preferences}
{"logTime": "1101/094627", "correlationVector":"6W8yM2wpWq9Hn7bnYMjw7L.1","action":"SyncServerConnectionManagerRequest", "result":"SYNC_SERVER_OK", "context":{"environment":"Prod_germanywestcentral_prod-s01-010-eur-germanywestcentral", "migrationStage":"NotStarted", "server":"akswtt10500000i"}}
{"logTime": "1101/094627", "correlationVector":"6W8yM2wpWq9Hn7bnYMjw7L.2","action":"Commit Response", "result":"Success", "context":Result: Success. cV=6W8yM2wpWq9Hn7bnYMjw7L.0;server=akswtt10500000i;cloudType=Multitenant;environment=Prod_germanywestcentral_prod-s01-010-eur-germanywestcentral;migrationStage=NotStarted}
